<?xml version="1.0" encoding="UTF-8"?>
<testng-results ignored="0" total="1" passed="1" failed="0" skipped="0">
  <reporter-output>
  </reporter-output>
  <suite started-at="2022-11-07T09:57:10Z" name="Default suite" finished-at="2022-11-07T09:57:27Z" duration-ms="16663">
    <groups>
    </groups>
    <test started-at="2022-11-07T09:57:10Z" name="Default test" finished-at="2022-11-07T09:57:27Z" duration-ms="16663">
      <class name="tests.Validatetext">
        <test-method signature="validatelogin()[pri:0, instance:tests.Validatetext@82ea68c]" started-at="2022-11-07T09:57:10Z" name="validatelogin" finished-at="2022-11-07T09:57:26Z" duration-ms="16579" status="PASS">
          <reporter-output>
          </reporter-output>
        </test-method> <!-- validatelogin -->
      </class> <!-- tests.Validatetext -->
    </test> <!-- Default test -->
  </suite> <!-- Default suite -->
</testng-results>
